<?xml version="1.0" encoding="UTF-8"?>
<!-- Generated by org.testng.reporters.JUnitXMLReporter -->
<testsuite ignored="0" hostname="AWESOME" failures="0" tests="4" name="Default test" time="27.926" errors="0" timestamp="2022-08-14T10:49:04 IST">
  <testcase classname="DataDrivenTesting.Testddt" name="loginTest" time="6.737"/>
  <testcase classname="DataDrivenTesting.Testddt" name="loginTest" time="3.227"/>
  <testcase classname="DataDrivenTesting.Testddt" name="loginTest" time="3.325"/>
  <testcase classname="DataDrivenTesting.Testddt" name="loginTest" time="3.135"/>
</testsuite> <!-- Default test -->
