<?xml version="1.0" encoding="UTF-8"?>
<!-- Generated by org.testng.reporters.JUnitXMLReporter -->
<testsuite ignored="0" hostname="AWESOME" failures="0" tests="4" name="Default test" time="44.087" errors="0" timestamp="2022-08-11T21:50:21 IST">
  <testcase classname="DataDrivenTesting.Testddt" name="loginTest" time="6.982"/>
  <testcase classname="DataDrivenTesting.Testddt" name="loginTest" time="3.227"/>
  <testcase classname="DataDrivenTesting.Testddt" name="loginTest" time="21.694"/>
  <testcase classname="DataDrivenTesting.Testddt" name="loginTest" time="3.386"/>
</testsuite> <!-- Default test -->
