<?xml version="1.0" encoding="UTF-8"?>
<testng-results ignored="0" total="4" passed="4" failed="0" skipped="0">
  <reporter-output>
  </reporter-output>
  <suite started-at="2022-08-14T10:48:36 IST" name="Default suite" finished-at="2022-08-14T10:49:04 IST" duration-ms="27926">
    <groups>
    </groups>
    <test started-at="2022-08-14T10:48:36 IST" name="Default test" finished-at="2022-08-14T10:49:04 IST" duration-ms="27926">
      <class name="DataDrivenTesting.Testddt">
        <test-method is-config="true" signature="setup()[pri:0, instance:DataDrivenTesting.Testddt@2667f029]" started-at="2022-08-14T10:48:40 IST" name="setup" finished-at="2022-08-14T10:48:43 IST" duration-ms="2798" status="PASS">
          <reporter-output>
          </reporter-output>
        </test-method> <!-- setup -->
        <test-method signature="loginTest(java.lang.String,java.lang.String,java.lang.String)[pri:0, instance:DataDrivenTesting.Testddt@2667f029]" started-at="2022-08-14T10:48:43 IST" name="loginTest" data-provider="LoginData" finished-at="2022-08-14T10:48:49 IST" duration-ms="6737" status="PASS">
          <params>
            <param index="0">
              <value>
                <![CDATA[admin@yourstore.com]]>
              </value>
            </param>
            <param index="1">
              <value>
                <![CDATA[admin]]>
              </value>
            </param>
            <param index="2">
              <value>
                <![CDATA[valid]]>
              </value>
            </param>
          </params>
          <reporter-output>
          </reporter-output>
        </test-method> <!-- loginTest -->
        <test-method is-config="true" signature="setup()[pri:0, instance:DataDrivenTesting.Testddt@2667f029]" started-at="2022-08-14T10:48:49 IST" name="setup" finished-at="2022-08-14T10:48:51 IST" duration-ms="1495" status="PASS">
          <reporter-output>
          </reporter-output>
        </test-method> <!-- setup -->
        <test-method signature="loginTest(java.lang.String,java.lang.String,java.lang.String)[pri:0, instance:DataDrivenTesting.Testddt@2667f029]" started-at="2022-08-14T10:48:51 IST" name="loginTest" data-provider="LoginData" finished-at="2022-08-14T10:48:54 IST" duration-ms="3227" status="PASS">
          <params>
            <param index="0">
              <value>
                <![CDATA[admn@yourstore.com]]>
              </value>
            </param>
            <param index="1">
              <value>
                <![CDATA[admin]]>
              </value>
            </param>
            <param index="2">
              <value>
                <![CDATA[invalid]]>
              </value>
            </param>
          </params>
          <reporter-output>
          </reporter-output>
        </test-method> <!-- loginTest -->
        <test-method is-config="true" signature="setup()[pri:0, instance:DataDrivenTesting.Testddt@2667f029]" started-at="2022-08-14T10:48:54 IST" name="setup" finished-at="2022-08-14T10:48:56 IST" duration-ms="2124" status="PASS">
          <reporter-output>
          </reporter-output>
        </test-method> <!-- setup -->
        <test-method signature="loginTest(java.lang.String,java.lang.String,java.lang.String)[pri:0, instance:DataDrivenTesting.Testddt@2667f029]" started-at="2022-08-14T10:48:56 IST" name="loginTest" data-provider="LoginData" finished-at="2022-08-14T10:48:59 IST" duration-ms="3325" status="PASS">
          <params>
            <param index="0">
              <value>
                <![CDATA[admin@yourstore.com]]>
              </value>
            </param>
            <param index="1">
              <value>
                <![CDATA[amin]]>
              </value>
            </param>
            <param index="2">
              <value>
                <![CDATA[invalid]]>
              </value>
            </param>
          </params>
          <reporter-output>
          </reporter-output>
        </test-method> <!-- loginTest -->
        <test-method is-config="true" signature="setup()[pri:0, instance:DataDrivenTesting.Testddt@2667f029]" started-at="2022-08-14T10:48:59 IST" name="setup" finished-at="2022-08-14T10:49:01 IST" duration-ms="1668" status="PASS">
          <reporter-output>
          </reporter-output>
        </test-method> <!-- setup -->
        <test-method signature="loginTest(java.lang.String,java.lang.String,java.lang.String)[pri:0, instance:DataDrivenTesting.Testddt@2667f029]" started-at="2022-08-14T10:49:01 IST" name="loginTest" data-provider="LoginData" finished-at="2022-08-14T10:49:04 IST" duration-ms="3135" status="PASS">
          <params>
            <param index="0">
              <value>
                <![CDATA[admin@yourstoe.com]]>
              </value>
            </param>
            <param index="1">
              <value>
                <![CDATA[adminw]]>
              </value>
            </param>
            <param index="2">
              <value>
                <![CDATA[invalid]]>
              </value>
            </param>
          </params>
          <reporter-output>
          </reporter-output>
        </test-method> <!-- loginTest -->
      </class> <!-- DataDrivenTesting.Testddt -->
    </test> <!-- Default test -->
  </suite> <!-- Default suite -->
</testng-results>
