<?xml version="1.0" encoding="UTF-8"?>
<testng-results ignored="0" total="4" passed="4" failed="0" skipped="0">
  <reporter-output>
  </reporter-output>
  <suite started-at="2022-08-11T21:49:37 IST" name="Default suite" finished-at="2022-08-11T21:50:21 IST" duration-ms="44087">
    <groups>
    </groups>
    <test started-at="2022-08-11T21:49:37 IST" name="Default test" finished-at="2022-08-11T21:50:21 IST" duration-ms="44087">
      <class name="DataDrivenTesting.Testddt">
        <test-method is-config="true" signature="setup()[pri:0, instance:DataDrivenTesting.Testddt@2667f029]" started-at="2022-08-11T21:49:37 IST" name="setup" finished-at="2022-08-11T21:49:40 IST" duration-ms="2777" status="PASS">
          <reporter-output>
          </reporter-output>
        </test-method> <!-- setup -->
        <test-method signature="loginTest(java.lang.String,java.lang.String,java.lang.String)[pri:0, instance:DataDrivenTesting.Testddt@2667f029]" started-at="2022-08-11T21:49:40 IST" name="loginTest" data-provider="LoginData" finished-at="2022-08-11T21:49:47 IST" duration-ms="6982" status="PASS">
          <params>
            <param index="0">
              <value>
                <![CDATA[admin@yourstore.com]]>
              </value>
            </param>
            <param index="1">
              <value>
                <![CDATA[admin]]>
              </value>
            </param>
            <param index="2">
              <value>
                <![CDATA[valid]]>
              </value>
            </param>
          </params>
          <reporter-output>
          </reporter-output>
        </test-method> <!-- loginTest -->
        <test-method is-config="true" signature="setup()[pri:0, instance:DataDrivenTesting.Testddt@2667f029]" started-at="2022-08-11T21:49:47 IST" name="setup" finished-at="2022-08-11T21:49:49 IST" duration-ms="1684" status="PASS">
          <reporter-output>
          </reporter-output>
        </test-method> <!-- setup -->
        <test-method signature="loginTest(java.lang.String,java.lang.String,java.lang.String)[pri:0, instance:DataDrivenTesting.Testddt@2667f029]" started-at="2022-08-11T21:49:49 IST" name="loginTest" data-provider="LoginData" finished-at="2022-08-11T21:49:52 IST" duration-ms="3227" status="PASS">
          <params>
            <param index="0">
              <value>
                <![CDATA[admn@yourstore.com]]>
              </value>
            </param>
            <param index="1">
              <value>
                <![CDATA[admin]]>
              </value>
            </param>
            <param index="2">
              <value>
                <![CDATA[invalid]]>
              </value>
            </param>
          </params>
          <reporter-output>
          </reporter-output>
        </test-method> <!-- loginTest -->
        <test-method is-config="true" signature="setup()[pri:0, instance:DataDrivenTesting.Testddt@2667f029]" started-at="2022-08-11T21:49:52 IST" name="setup" finished-at="2022-08-11T21:49:54 IST" duration-ms="1790" status="PASS">
          <reporter-output>
          </reporter-output>
        </test-method> <!-- setup -->
        <test-method signature="loginTest(java.lang.String,java.lang.String,java.lang.String)[pri:0, instance:DataDrivenTesting.Testddt@2667f029]" started-at="2022-08-11T21:49:54 IST" name="loginTest" data-provider="LoginData" finished-at="2022-08-11T21:50:15 IST" duration-ms="21694" status="PASS">
          <params>
            <param index="0">
              <value>
                <![CDATA[admin@yourstore.com]]>
              </value>
            </param>
            <param index="1">
              <value>
                <![CDATA[amin]]>
              </value>
            </param>
            <param index="2">
              <value>
                <![CDATA[invalid]]>
              </value>
            </param>
          </params>
          <reporter-output>
          </reporter-output>
        </test-method> <!-- loginTest -->
        <test-method is-config="true" signature="setup()[pri:0, instance:DataDrivenTesting.Testddt@2667f029]" started-at="2022-08-11T21:50:15 IST" name="setup" finished-at="2022-08-11T21:50:18 IST" duration-ms="2423" status="PASS">
          <reporter-output>
          </reporter-output>
        </test-method> <!-- setup -->
        <test-method signature="loginTest(java.lang.String,java.lang.String,java.lang.String)[pri:0, instance:DataDrivenTesting.Testddt@2667f029]" started-at="2022-08-11T21:50:18 IST" name="loginTest" data-provider="LoginData" finished-at="2022-08-11T21:50:21 IST" duration-ms="3386" status="PASS">
          <params>
            <param index="0">
              <value>
                <![CDATA[admin@yourstoe.com]]>
              </value>
            </param>
            <param index="1">
              <value>
                <![CDATA[adminw]]>
              </value>
            </param>
            <param index="2">
              <value>
                <![CDATA[invalid]]>
              </value>
            </param>
          </params>
          <reporter-output>
          </reporter-output>
        </test-method> <!-- loginTest -->
      </class> <!-- DataDrivenTesting.Testddt -->
    </test> <!-- Default test -->
  </suite> <!-- Default suite -->
</testng-results>
